[2023-08-15 01:20:38,632] @ [INFO] : <stdin> : ewrewtwead
[2023-08-15 01:20:39,589] @ [INFO] : <stdin> : ewrewtwead
[2023-08-15 01:20:40,057] @ [INFO] : <stdin> : ewrewtwead
[2023-08-15 01:20:40,519] @ [INFO] : <stdin> : ewrewtwead
[2023-08-16 14:32:00,537] @ [INFO] : common : Path to YAML config/config.yaml loaded correctly
[2023-08-16 14:39:26,385] @ [INFO] : common : Path to YAML config\config.yaml loaded correctly
[2023-08-16 14:39:41,968] @ [INFO] : common : Directory s created correctly
[2023-08-16 14:39:57,933] @ [INFO] : common : Directory s created correctly
[2023-08-16 15:40:18,135] @ [INFO] : common : Path to YAML config\config.yaml loaded correctly
[2023-08-16 15:40:41,840] @ [INFO] : common : Path to YAML config\config.yaml loaded correctly
[2023-08-16 15:40:41,843] @ [INFO] : common : Path to YAML params.yaml loaded correctly
[2023-08-16 19:34:07,730] @ [INFO] : main : >>>>>>>>>> Stage Data Ingestion Stage started <<<<<<<<<< 
[2023-08-16 19:34:07,740] @ [INFO] : common : Path to YAML config\config.yaml loaded correctly
[2023-08-16 19:34:07,748] @ [INFO] : common : Path to YAML params.yaml loaded correctly
[2023-08-16 19:34:07,749] @ [INFO] : common : Directory artifacts created correctly
[2023-08-16 19:34:07,751] @ [INFO] : common : Directory artifacts/data_ingestion created correctly
[2023-08-16 19:34:07,752] @ [ERROR] : main : module 'urllib' has no attribute 'request'
[2023-08-16 19:35:47,356] @ [INFO] : main : >>>>>>>>>> Stage Data Ingestion Stage started <<<<<<<<<< 
[2023-08-16 19:35:47,358] @ [INFO] : common : Path to YAML config\config.yaml loaded correctly
[2023-08-16 19:35:47,359] @ [INFO] : common : Path to YAML params.yaml loaded correctly
[2023-08-16 19:35:47,360] @ [INFO] : common : Directory artifacts created correctly
[2023-08-16 19:35:47,361] @ [INFO] : common : Directory artifacts/data_ingestion created correctly
[2023-08-16 19:35:47,362] @ [ERROR] : main : module 'urllib' has no attribute 'urlretrieve'
[2023-08-16 19:36:16,084] @ [INFO] : main : >>>>>>>>>> Stage Data Ingestion Stage started <<<<<<<<<< 
[2023-08-16 19:36:16,086] @ [INFO] : common : Path to YAML config\config.yaml loaded correctly
[2023-08-16 19:36:16,087] @ [INFO] : common : Path to YAML params.yaml loaded correctly
[2023-08-16 19:36:16,088] @ [INFO] : common : Directory artifacts created correctly
[2023-08-16 19:36:16,089] @ [INFO] : common : Directory artifacts/data_ingestion created correctly
[2023-08-16 19:36:16,089] @ [ERROR] : main : module 'urllib' has no attribute 'urlretrieve'
[2023-08-16 19:38:47,821] @ [INFO] : main : >>>>>>>>>> Stage Data Ingestion Stage started <<<<<<<<<< 
[2023-08-16 19:38:47,823] @ [INFO] : common : Path to YAML config\config.yaml loaded correctly
[2023-08-16 19:38:47,826] @ [INFO] : common : Path to YAML params.yaml loaded correctly
[2023-08-16 19:38:47,827] @ [INFO] : common : Directory artifacts created correctly
[2023-08-16 19:38:47,828] @ [INFO] : common : Directory artifacts/data_ingestion created correctly
[2023-08-16 19:38:47,828] @ [ERROR] : main : module 'urllib' has no attribute 'request'
[2023-08-16 19:47:41,233] @ [INFO] : main : >>>>>>>>>> Stage Data Ingestion Stage started <<<<<<<<<< 
[2023-08-16 19:47:41,234] @ [INFO] : common : Path to YAML config\config.yaml loaded correctly
[2023-08-16 19:47:41,235] @ [INFO] : common : Path to YAML params.yaml loaded correctly
[2023-08-16 19:47:41,235] @ [INFO] : common : Directory artifacts created correctly
[2023-08-16 19:47:41,236] @ [INFO] : common : Directory artifacts/data_ingestion created correctly
[2023-08-16 19:47:42,511] @ [INFO] : dataIngestion : Data file artifacts/data_ingestion/summarizer-data.zip downloaded, with return header Connection: close
Content-Length: 7903594
Cache-Control: max-age=300
Content-Security-Policy: default-src 'none'; style-src 'unsafe-inline'; sandbox
Content-Type: application/zip
ETag: "dbc016a060da18070593b83afff580c9b300f0b6ea4147a7988433e04df246ca"
Strict-Transport-Security: max-age=31536000
X-Content-Type-Options: nosniff
X-Frame-Options: deny
X-XSS-Protection: 1; mode=block
X-GitHub-Request-Id: EF58:147B:18E363:1CC423:64DD601F
Accept-Ranges: bytes
Date: Wed, 16 Aug 2023 23:47:44 GMT
Via: 1.1 varnish
X-Served-By: cache-chi-klot8100174-CHI
X-Cache: MISS
X-Cache-Hits: 0
X-Timer: S1692229664.312865,VS0,VE394
Vary: Authorization,Accept-Encoding,Origin
Access-Control-Allow-Origin: *
Cross-Origin-Resource-Policy: cross-origin
X-Fastly-Request-ID: ae9f56fd4af145f31444a75bae54b9b2a306e9a3
Expires: Wed, 16 Aug 2023 23:52:44 GMT
Source-Age: 0


[2023-08-16 19:47:42,693] @ [INFO] : dataIngestion : Zip file extracted at artifacts/data_ingestion
[2023-08-16 19:47:42,694] @ [INFO] : main : >>>>>>>>>> Stage Data Ingestion Stage complete <<<<<<<<<< 




[2023-08-16 19:47:51,229] @ [INFO] : main : >>>>>>>>>> Stage Data Ingestion Stage started <<<<<<<<<< 
[2023-08-16 19:47:51,232] @ [INFO] : common : Path to YAML config\config.yaml loaded correctly
[2023-08-16 19:47:51,233] @ [INFO] : common : Path to YAML params.yaml loaded correctly
[2023-08-16 19:47:51,234] @ [INFO] : common : Directory artifacts created correctly
[2023-08-16 19:47:51,235] @ [INFO] : common : Directory artifacts/data_ingestion created correctly
[2023-08-16 19:47:51,236] @ [INFO] : dataIngestion : Data file artifacts/data_ingestion/summarizer-data.zip already exists, with File size: 7718.353515625 kB
[2023-08-16 19:47:51,414] @ [INFO] : dataIngestion : Zip file extracted at artifacts/data_ingestion
[2023-08-16 19:47:51,415] @ [INFO] : main : >>>>>>>>>> Stage Data Ingestion Stage complete <<<<<<<<<< 




[2023-08-16 19:48:22,283] @ [INFO] : main : 

 >>>>>>>>>> Stage Data Ingestion Stage started <<<<<<<<<< 
[2023-08-16 19:48:22,286] @ [INFO] : common : Path to YAML config\config.yaml loaded correctly
[2023-08-16 19:48:22,287] @ [INFO] : common : Path to YAML params.yaml loaded correctly
[2023-08-16 19:48:22,288] @ [INFO] : common : Directory artifacts created correctly
[2023-08-16 19:48:22,289] @ [INFO] : common : Directory artifacts/data_ingestion created correctly
[2023-08-16 19:48:22,290] @ [INFO] : dataIngestion : Data file artifacts/data_ingestion/summarizer-data.zip already exists, with File size: 7718.353515625 kB
[2023-08-16 19:48:22,443] @ [INFO] : dataIngestion : Zip file extracted at artifacts/data_ingestion
[2023-08-16 19:48:22,444] @ [INFO] : main : >>>>>>>>>> Stage Data Ingestion Stage complete <<<<<<<<<< 


[2023-08-16 21:04:06,284] @ [INFO] : main : 

 >>>>>>>>>> Stage Data Ingestion Stage started <<<<<<<<<< 
[2023-08-16 21:04:06,288] @ [INFO] : common : Path to YAML config\config.yaml loaded correctly
[2023-08-16 21:04:06,292] @ [INFO] : common : Path to YAML params.yaml loaded correctly
[2023-08-16 21:04:06,296] @ [INFO] : common : Directory artifacts created correctly
[2023-08-16 21:04:06,296] @ [INFO] : common : Directory artifacts/data_ingestion created correctly
[2023-08-16 21:04:06,296] @ [INFO] : dataIngestion : Data file artifacts\data_ingestion\summarizer-data.zip already exists, with File size: 7718.353515625 kB
[2023-08-16 21:04:06,598] @ [INFO] : dataIngestion : Zip file extracted at artifacts\data_ingestion
[2023-08-16 21:04:06,598] @ [INFO] : main : >>>>>>>>>> Stage Data Ingestion Stage complete <<<<<<<<<< 


[2023-08-17 01:42:07,117] @ [INFO] : main : 

 >>>>>>>>>> Stage Data Ingestion Stage started <<<<<<<<<< 
[2023-08-17 01:42:07,131] @ [INFO] : common : Path to YAML config\config.yaml loaded correctly
[2023-08-17 01:42:07,141] @ [INFO] : common : Path to YAML params.yaml loaded correctly
[2023-08-17 01:42:07,143] @ [INFO] : common : Directory artifacts created correctly
[2023-08-17 01:42:07,145] @ [INFO] : common : Directory artifacts/data_ingestion created correctly
[2023-08-17 01:42:07,147] @ [INFO] : dataIngestion : Data file artifacts\data_ingestion\summarizer-data.zip already exists, with File size: 7718.353515625 kB
[2023-08-17 01:42:07,357] @ [INFO] : dataIngestion : Zip file extracted at artifacts\data_ingestion
[2023-08-17 01:42:07,357] @ [INFO] : main : >>>>>>>>>> Stage Data Ingestion Stage complete <<<<<<<<<< 


[2023-08-17 01:42:07,358] @ [INFO] : main : 

 >>>>>>>>>> Stage Data Validation Stage started <<<<<<<<<< 
[2023-08-17 01:42:07,361] @ [INFO] : common : Path to YAML config\config.yaml loaded correctly
[2023-08-17 01:42:07,363] @ [INFO] : common : Path to YAML params.yaml loaded correctly
[2023-08-17 01:42:07,364] @ [INFO] : common : Directory artifacts created correctly
[2023-08-17 01:42:07,365] @ [INFO] : common : Directory artifacts/data_ingestion created correctly
[2023-08-17 01:42:07,366] @ [INFO] : common : Directory artifacts/data_validation created correctly
[2023-08-17 01:42:07,368] @ [INFO] : dataValidation : Data Validation status: True
[2023-08-17 01:42:07,368] @ [INFO] : main : >>>>>>>>>> Stage Data Validation Stage complete <<<<<<<<<< 


[2023-08-17 01:43:23,249] @ [INFO] : main : 

 >>>>>>>>>> Stage Data Ingestion Stage started <<<<<<<<<< 
[2023-08-17 01:43:23,252] @ [INFO] : common : Path to YAML config\config.yaml loaded correctly
[2023-08-17 01:43:23,254] @ [INFO] : common : Path to YAML params.yaml loaded correctly
[2023-08-17 01:43:23,255] @ [INFO] : common : Directory artifacts created correctly
[2023-08-17 01:43:23,256] @ [INFO] : common : Directory artifacts/data_ingestion created correctly
[2023-08-17 01:43:23,256] @ [ERROR] : main : module 'urllib' has no attribute 'request'
[2023-08-17 01:44:04,845] @ [INFO] : main : 

 >>>>>>>>>> Stage Data Ingestion Stage started <<<<<<<<<< 
[2023-08-17 01:44:04,849] @ [INFO] : common : Path to YAML config\config.yaml loaded correctly
[2023-08-17 01:44:04,851] @ [INFO] : common : Path to YAML params.yaml loaded correctly
[2023-08-17 01:44:04,853] @ [INFO] : common : Directory artifacts created correctly
[2023-08-17 01:44:04,854] @ [INFO] : common : Directory artifacts/data_ingestion created correctly
[2023-08-17 01:44:04,855] @ [ERROR] : main : module 'urllib' has no attribute 'request'
[2023-08-17 01:44:14,256] @ [INFO] : main : 

 >>>>>>>>>> Stage Data Ingestion Stage started <<<<<<<<<< 
[2023-08-17 01:44:14,259] @ [INFO] : common : Path to YAML config\config.yaml loaded correctly
[2023-08-17 01:44:14,261] @ [INFO] : common : Path to YAML params.yaml loaded correctly
[2023-08-17 01:44:14,262] @ [INFO] : common : Directory artifacts created correctly
[2023-08-17 01:44:14,263] @ [INFO] : common : Directory artifacts/data_ingestion created correctly
[2023-08-17 01:44:15,514] @ [INFO] : dataIngestion : Data file artifacts\data_ingestion\summarizer-data.zip downloaded, with return header Connection: close
Content-Length: 7903594
Cache-Control: max-age=300
Content-Security-Policy: default-src 'none'; style-src 'unsafe-inline'; sandbox
Content-Type: application/zip
ETag: "dbc016a060da18070593b83afff580c9b300f0b6ea4147a7988433e04df246ca"
Strict-Transport-Security: max-age=31536000
X-Content-Type-Options: nosniff
X-Frame-Options: deny
X-XSS-Protection: 1; mode=block
X-GitHub-Request-Id: E0DA:68D6:5E760:7878C:64DDB3AB
Accept-Ranges: bytes
Date: Thu, 17 Aug 2023 05:44:15 GMT
Via: 1.1 varnish
X-Served-By: cache-chi-kigq8000106-CHI
X-Cache: MISS
X-Cache-Hits: 0
X-Timer: S1692251055.900267,VS0,VE270
Vary: Authorization,Accept-Encoding,Origin
Access-Control-Allow-Origin: *
Cross-Origin-Resource-Policy: cross-origin
X-Fastly-Request-ID: 4642cbbf408690d3f17c326149d3abd8a79fc4f9
Expires: Thu, 17 Aug 2023 05:49:15 GMT
Source-Age: 0


[2023-08-17 01:44:15,688] @ [INFO] : dataIngestion : Zip file extracted at artifacts\data_ingestion
[2023-08-17 01:44:15,688] @ [INFO] : main : >>>>>>>>>> Stage Data Ingestion Stage complete <<<<<<<<<< 


[2023-08-17 01:44:15,689] @ [INFO] : main : 

 >>>>>>>>>> Stage Data Validation Stage started <<<<<<<<<< 
[2023-08-17 01:44:15,691] @ [INFO] : common : Path to YAML config\config.yaml loaded correctly
[2023-08-17 01:44:15,692] @ [INFO] : common : Path to YAML params.yaml loaded correctly
[2023-08-17 01:44:15,693] @ [INFO] : common : Directory artifacts created correctly
[2023-08-17 01:44:15,694] @ [INFO] : common : Directory artifacts/data_ingestion created correctly
[2023-08-17 01:44:15,695] @ [INFO] : common : Directory artifacts/data_validation created correctly
[2023-08-17 01:44:15,697] @ [INFO] : dataValidation : Data Validation status: True
[2023-08-17 01:44:15,697] @ [INFO] : main : >>>>>>>>>> Stage Data Validation Stage complete <<<<<<<<<< 


