[2023-08-16 14:37:28,232] @ [INFO] : common : Path to YAML config\config.yaml loaded correctly
[2023-08-16 15:42:31,565] @ [INFO] : common : Path to YAML config\config.yaml loaded correctly
[2023-08-16 15:42:31,571] @ [INFO] : common : Path to YAML params.yaml loaded correctly
[2023-08-16 15:44:21,657] @ [INFO] : common : Path to YAML config\config.yaml loaded correctly
[2023-08-16 15:44:21,665] @ [INFO] : common : Path to YAML params.yaml loaded correctly
[2023-08-16 15:44:21,667] @ [INFO] : common : Directory artifacts created correctly
[2023-08-16 15:46:47,435] @ [INFO] : common : Path to YAML config\config.yaml loaded correctly
[2023-08-16 15:46:47,443] @ [INFO] : common : Path to YAML params.yaml loaded correctly
[2023-08-16 15:46:47,445] @ [INFO] : common : Directory artifacts created correctly
[2023-08-16 15:47:38,988] @ [INFO] : common : Path to YAML config\config.yaml loaded correctly
[2023-08-16 15:47:38,989] @ [INFO] : common : Path to YAML params.yaml loaded correctly
[2023-08-16 15:47:38,991] @ [INFO] : common : Directory artifacts created correctly
[2023-08-16 15:48:00,423] @ [INFO] : common : Path to YAML config\config.yaml loaded correctly
[2023-08-16 15:48:00,424] @ [INFO] : common : Path to YAML params.yaml loaded correctly
[2023-08-16 15:48:00,426] @ [INFO] : common : Directory artifacts created correctly
[2023-08-16 15:48:00,994] @ [INFO] : <ipython-input-15-7ae6a3db0226> : Data file C:\Users\papu_\AppData\Local\Temp\tmpjtbn8z73 downloaded, with return header Connection: close
Content-Length: 7903594
Cache-Control: max-age=300
Content-Security-Policy: default-src 'none'; style-src 'unsafe-inline'; sandbox
Content-Type: application/zip
ETag: "dbc016a060da18070593b83afff580c9b300f0b6ea4147a7988433e04df246ca"
Strict-Transport-Security: max-age=31536000
X-Content-Type-Options: nosniff
X-Frame-Options: deny
X-XSS-Protection: 1; mode=block
X-GitHub-Request-Id: 30B2:682A:ADC746:C8656D:64DD27A4
Accept-Ranges: bytes
Date: Wed, 16 Aug 2023 19:48:02 GMT
Via: 1.1 varnish
X-Served-By: cache-chi-klot8100078-CHI
X-Cache: HIT
X-Cache-Hits: 0
X-Timer: S1692215283.923448,VS0,VE1
Vary: Authorization,Accept-Encoding,Origin
Access-Control-Allow-Origin: *
Cross-Origin-Resource-Policy: cross-origin
X-Fastly-Request-ID: ba2e97df1b2c9fdfd6ddba57469e98c6765a85fb
Expires: Wed, 16 Aug 2023 19:53:02 GMT
Source-Age: 73


[2023-08-16 15:52:50,135] @ [INFO] : common : Path to YAML config\config.yaml loaded correctly
[2023-08-16 15:52:50,137] @ [INFO] : common : Path to YAML params.yaml loaded correctly
[2023-08-16 15:52:50,138] @ [INFO] : common : Directory artifacts created correctly
[2023-08-16 15:52:50,140] @ [INFO] : common : Directory artifacts/data_ingestion created correctly
[2023-08-16 15:52:51,187] @ [INFO] : <ipython-input-24-375debb9ccd0> : Data file artifacts/data_ingestion/summarizer-data.zip downloaded, with return header Connection: close
Content-Length: 7903594
Cache-Control: max-age=300
Content-Security-Policy: default-src 'none'; style-src 'unsafe-inline'; sandbox
Content-Type: application/zip
ETag: "dbc016a060da18070593b83afff580c9b300f0b6ea4147a7988433e04df246ca"
Strict-Transport-Security: max-age=31536000
X-Content-Type-Options: nosniff
X-Frame-Options: deny
X-XSS-Protection: 1; mode=block
X-GitHub-Request-Id: 30B2:682A:ADC746:C8656D:64DD27A4
Accept-Ranges: bytes
Date: Wed, 16 Aug 2023 19:52:53 GMT
Via: 1.1 varnish
X-Served-By: cache-chi-klot8100139-CHI
X-Cache: HIT
X-Cache-Hits: 0
X-Timer: S1692215573.818725,VS0,VE279
Vary: Authorization,Accept-Encoding,Origin
Access-Control-Allow-Origin: *
Cross-Origin-Resource-Policy: cross-origin
X-Fastly-Request-ID: 1f4aeffa52f8eef2e6138c218ccdffe5cbbf7c61
Expires: Wed, 16 Aug 2023 19:57:53 GMT
Source-Age: 0


[2023-08-16 15:54:32,644] @ [INFO] : common : Path to YAML config\config.yaml loaded correctly
[2023-08-16 15:54:32,646] @ [INFO] : common : Path to YAML params.yaml loaded correctly
[2023-08-16 15:54:32,647] @ [INFO] : common : Directory artifacts created correctly
[2023-08-16 15:54:32,649] @ [INFO] : common : Directory artifacts/data_ingestion created correctly
[2023-08-16 15:54:43,968] @ [INFO] : common : Path to YAML config\config.yaml loaded correctly
[2023-08-16 15:54:43,971] @ [INFO] : common : Path to YAML params.yaml loaded correctly
[2023-08-16 15:54:43,973] @ [INFO] : common : Directory artifacts created correctly
[2023-08-16 15:54:43,974] @ [INFO] : common : Directory artifacts/data_ingestion created correctly
[2023-08-16 15:54:43,975] @ [INFO] : <ipython-input-28-1f4a7add2a6e> : Data file artifacts/data_ingestion/summarizer-data.zip already exists, with
[2023-08-16 15:55:11,216] @ [INFO] : common : Path to YAML config\config.yaml loaded correctly
[2023-08-16 15:55:11,222] @ [INFO] : common : Path to YAML params.yaml loaded correctly
[2023-08-16 15:55:11,223] @ [INFO] : common : Directory artifacts created correctly
[2023-08-16 15:55:11,225] @ [INFO] : common : Directory artifacts/data_ingestion created correctly
[2023-08-16 15:55:11,227] @ [INFO] : <ipython-input-8-1f4a7add2a6e> : Data file artifacts/data_ingestion/summarizer-data.zip already exists, with
[2023-08-16 15:55:40,095] @ [INFO] : common : Path to YAML config\config.yaml loaded correctly
[2023-08-16 15:55:40,095] @ [INFO] : common : Path to YAML params.yaml loaded correctly
[2023-08-16 15:55:40,095] @ [INFO] : common : Directory artifacts created correctly
[2023-08-16 15:55:40,095] @ [INFO] : common : Directory artifacts/data_ingestion created correctly
[2023-08-16 15:55:40,095] @ [INFO] : <ipython-input-10-06c074710743> : Data file artifacts/data_ingestion/summarizer-data.zip already exists, with
[2023-08-16 15:56:00,145] @ [INFO] : common : Path to YAML config\config.yaml loaded correctly
[2023-08-16 15:56:00,147] @ [INFO] : common : Path to YAML params.yaml loaded correctly
[2023-08-16 15:56:00,148] @ [INFO] : common : Directory artifacts created correctly
[2023-08-16 15:56:00,149] @ [INFO] : common : Directory artifacts/data_ingestion created correctly
[2023-08-16 15:56:00,150] @ [INFO] : <ipython-input-12-32c2e50dc738> : Data file artifacts/data_ingestion/summarizer-data.zip already exists, with
[2023-08-16 15:56:08,359] @ [INFO] : common : Path to YAML config\config.yaml loaded correctly
[2023-08-16 15:56:08,364] @ [INFO] : common : Path to YAML params.yaml loaded correctly
[2023-08-16 15:56:08,366] @ [INFO] : common : Directory artifacts created correctly
[2023-08-16 15:56:08,367] @ [INFO] : common : Directory artifacts/data_ingestion created correctly
[2023-08-16 15:56:08,369] @ [INFO] : <ipython-input-14-d5732b6e0b96> : Data file artifacts/data_ingestion/summarizer-data.zip already exists, with
[2023-08-16 15:56:29,488] @ [INFO] : common : Path to YAML config\config.yaml loaded correctly
[2023-08-16 15:56:29,495] @ [INFO] : common : Path to YAML params.yaml loaded correctly
[2023-08-16 15:56:29,496] @ [INFO] : common : Directory artifacts created correctly
[2023-08-16 15:56:29,498] @ [INFO] : common : Directory artifacts/data_ingestion created correctly
[2023-08-16 15:56:29,499] @ [INFO] : <ipython-input-8-06c074710743> : Data file artifacts/data_ingestion/summarizer-data.zip already exists, with
[2023-08-16 15:57:02,562] @ [INFO] : common : Path to YAML config\config.yaml loaded correctly
[2023-08-16 15:57:02,564] @ [INFO] : common : Path to YAML params.yaml loaded correctly
[2023-08-16 15:57:02,566] @ [INFO] : common : Directory artifacts created correctly
[2023-08-16 15:57:02,567] @ [INFO] : common : Directory artifacts/data_ingestion created correctly
[2023-08-16 15:57:02,569] @ [INFO] : <ipython-input-10-6a021f34cfa8> : Data file artifacts/data_ingestion/summarizer-data.zip already exists, with File size: 7718.353515625 kB
[2023-08-16 15:57:33,438] @ [INFO] : common : Path to YAML config\config.yaml loaded correctly
[2023-08-16 15:57:33,440] @ [INFO] : common : Path to YAML params.yaml loaded correctly
[2023-08-16 15:57:33,441] @ [INFO] : common : Directory artifacts created correctly
[2023-08-16 15:57:33,443] @ [INFO] : common : Directory artifacts/data_ingestion created correctly
[2023-08-16 15:57:33,444] @ [INFO] : <ipython-input-12-532bbc926797> : Data file artifacts/data_ingestion/summarizer-data.zip already exists, with File size: 7718.353515625 kB
[2023-08-16 15:57:33,604] @ [INFO] : <ipython-input-12-532bbc926797> : Zip file extracted at artifacts/data_ingestion
[2023-08-16 21:00:30,713] @ [INFO] : common : Path to YAML config\config.yaml loaded correctly
[2023-08-16 21:00:30,756] @ [INFO] : common : Path to YAML params.yaml loaded correctly
[2023-08-16 21:00:30,764] @ [INFO] : common : Directory artifacts created correctly
[2023-08-16 21:00:30,768] @ [INFO] : common : Directory artifacts/data_ingestion created correctly
[2023-08-16 21:05:19,821] @ [INFO] : common : Path to YAML config\config.yaml loaded correctly
[2023-08-16 21:05:19,823] @ [INFO] : common : Path to YAML params.yaml loaded correctly
[2023-08-16 21:05:19,823] @ [INFO] : common : Directory artifacts created correctly
[2023-08-16 21:05:19,827] @ [INFO] : common : Directory artifacts/data_ingestion created correctly
[2023-08-16 21:06:19,905] @ [INFO] : common : Path to YAML config\config.yaml loaded correctly
[2023-08-16 21:06:19,914] @ [INFO] : common : Path to YAML params.yaml loaded correctly
[2023-08-16 21:06:19,918] @ [INFO] : common : Directory artifacts created correctly
[2023-08-16 21:06:19,918] @ [INFO] : common : Directory artifacts/data_ingestion created correctly
[2023-08-16 21:06:19,922] @ [ERROR] : <ipython-input-24-1927dfee2ce5> : [WinError 3] The system cannot find the path specified: 'artifacts\\data_validation'
[2023-08-16 21:06:53,625] @ [INFO] : common : Path to YAML config\config.yaml loaded correctly
[2023-08-16 21:06:53,629] @ [INFO] : common : Path to YAML params.yaml loaded correctly
[2023-08-16 21:06:53,632] @ [INFO] : common : Directory artifacts created correctly
[2023-08-16 21:06:53,635] @ [INFO] : common : Directory artifacts/data_ingestion created correctly
[2023-08-16 21:06:53,635] @ [ERROR] : <ipython-input-28-1927dfee2ce5> : [WinError 3] The system cannot find the path specified: 'artifacts\\data_validation'
[2023-08-16 21:07:43,842] @ [INFO] : common : Path to YAML config\config.yaml loaded correctly
[2023-08-16 21:07:43,842] @ [INFO] : common : Path to YAML params.yaml loaded correctly
[2023-08-16 21:07:43,846] @ [INFO] : common : Directory artifacts created correctly
[2023-08-16 21:07:43,850] @ [INFO] : common : Directory artifacts/data_ingestion created correctly
[2023-08-16 21:07:43,853] @ [INFO] : common : Directory artifacts/data_validation created correctly
[2023-08-16 21:08:02,246] @ [INFO] : common : Path to YAML config\config.yaml loaded correctly
[2023-08-16 21:08:02,246] @ [INFO] : common : Path to YAML params.yaml loaded correctly
[2023-08-16 21:08:02,250] @ [INFO] : common : Directory artifacts created correctly
[2023-08-16 21:08:02,254] @ [INFO] : common : Directory artifacts/data_ingestion created correctly
[2023-08-16 21:08:02,254] @ [INFO] : common : Directory artifacts/data_validation created correctly
[2023-08-16 21:08:37,435] @ [INFO] : common : Path to YAML config\config.yaml loaded correctly
[2023-08-16 21:08:37,439] @ [INFO] : common : Path to YAML params.yaml loaded correctly
[2023-08-16 21:08:37,439] @ [INFO] : common : Directory artifacts created correctly
[2023-08-16 21:08:37,443] @ [INFO] : common : Directory artifacts/data_ingestion created correctly
[2023-08-16 21:08:37,443] @ [INFO] : common : Directory artifacts/data_validation created correctly
[2023-08-16 21:08:56,165] @ [INFO] : common : Path to YAML config\config.yaml loaded correctly
[2023-08-16 21:08:56,174] @ [INFO] : common : Path to YAML params.yaml loaded correctly
[2023-08-16 21:08:56,177] @ [INFO] : common : Directory artifacts created correctly
[2023-08-16 21:08:56,181] @ [INFO] : common : Directory artifacts/data_ingestion created correctly
[2023-08-16 21:08:56,183] @ [INFO] : common : Directory artifacts/data_validation created correctly
[2023-08-16 21:13:08,025] @ [INFO] : common : Path to YAML config\config.yaml loaded correctly
[2023-08-16 21:13:08,025] @ [INFO] : common : Path to YAML params.yaml loaded correctly
[2023-08-16 21:13:08,035] @ [INFO] : common : Directory artifacts created correctly
[2023-08-16 21:13:08,035] @ [INFO] : common : Directory artifacts/data_ingestion created correctly
[2023-08-16 21:13:08,038] @ [INFO] : common : Directory artifacts/data_validation created correctly
[2023-08-16 21:18:14,945] @ [INFO] : common : Path to YAML config\config.yaml loaded correctly
[2023-08-16 21:18:14,949] @ [INFO] : common : Path to YAML params.yaml loaded correctly
[2023-08-16 21:18:14,953] @ [INFO] : common : Directory artifacts created correctly
[2023-08-16 21:18:14,953] @ [INFO] : common : Directory artifacts/data_ingestion created correctly
[2023-08-16 21:18:14,957] @ [INFO] : common : Directory artifacts/data_validation created correctly
[2023-08-16 21:19:55,093] @ [INFO] : common : Path to YAML config\config.yaml loaded correctly
[2023-08-16 21:19:55,096] @ [INFO] : common : Path to YAML params.yaml loaded correctly
[2023-08-16 21:19:55,100] @ [INFO] : common : Directory artifacts created correctly
[2023-08-16 21:19:55,104] @ [INFO] : common : Directory artifacts/data_ingestion created correctly
[2023-08-16 21:19:55,108] @ [INFO] : common : Directory artifacts/data_validation created correctly
[2023-08-16 21:21:11,917] @ [INFO] : common : Path to YAML config\config.yaml loaded correctly
[2023-08-16 21:21:11,921] @ [INFO] : common : Path to YAML params.yaml loaded correctly
[2023-08-16 21:21:11,925] @ [INFO] : common : Directory artifacts created correctly
[2023-08-16 21:21:11,929] @ [INFO] : common : Directory artifacts/data_ingestion created correctly
[2023-08-16 21:21:11,932] @ [INFO] : common : Directory artifacts/data_validation created correctly
[2023-08-16 21:21:45,719] @ [INFO] : common : Path to YAML config\config.yaml loaded correctly
[2023-08-16 21:21:45,723] @ [INFO] : common : Path to YAML params.yaml loaded correctly
[2023-08-16 21:21:45,727] @ [INFO] : common : Directory artifacts created correctly
[2023-08-16 21:21:45,731] @ [INFO] : common : Directory artifacts/data_ingestion created correctly
[2023-08-16 21:21:45,735] @ [INFO] : common : Directory artifacts/data_validation created correctly
[2023-08-16 21:22:16,694] @ [INFO] : common : Path to YAML config\config.yaml loaded correctly
[2023-08-16 21:22:16,694] @ [INFO] : common : Path to YAML params.yaml loaded correctly
[2023-08-16 21:22:16,700] @ [INFO] : common : Directory artifacts created correctly
[2023-08-16 21:22:16,704] @ [INFO] : common : Directory artifacts/data_ingestion created correctly
[2023-08-16 21:22:16,704] @ [INFO] : common : Directory artifacts/data_validation created correctly
[2023-08-16 21:22:51,117] @ [INFO] : common : Path to YAML config\config.yaml loaded correctly
[2023-08-16 21:22:51,125] @ [INFO] : common : Path to YAML params.yaml loaded correctly
[2023-08-16 21:22:51,129] @ [INFO] : common : Directory artifacts created correctly
[2023-08-16 21:22:51,133] @ [INFO] : common : Directory artifacts/data_ingestion created correctly
[2023-08-16 21:22:51,136] @ [INFO] : common : Directory artifacts/data_validation created correctly
[2023-08-16 21:23:04,029] @ [INFO] : common : Path to YAML config\config.yaml loaded correctly
[2023-08-16 21:23:04,036] @ [INFO] : common : Path to YAML params.yaml loaded correctly
[2023-08-16 21:23:04,039] @ [INFO] : common : Directory artifacts created correctly
[2023-08-16 21:23:04,043] @ [INFO] : common : Directory artifacts/data_ingestion created correctly
[2023-08-16 21:23:04,047] @ [INFO] : common : Directory artifacts/data_validation created correctly
[2023-08-16 21:30:16,875] @ [INFO] : common : Path to YAML config\config.yaml loaded correctly
[2023-08-16 21:30:16,879] @ [INFO] : common : Path to YAML params.yaml loaded correctly
[2023-08-16 21:30:16,882] @ [INFO] : common : Directory artifacts created correctly
[2023-08-16 21:30:16,886] @ [INFO] : common : Directory artifacts/data_ingestion created correctly
[2023-08-16 21:30:16,886] @ [INFO] : common : Directory artifacts/data_validation created correctly
[2023-08-16 21:36:12,825] @ [INFO] : common : Path to YAML config\config.yaml loaded correctly
[2023-08-16 21:36:12,829] @ [INFO] : common : Path to YAML params.yaml loaded correctly
[2023-08-16 21:36:12,833] @ [INFO] : common : Directory artifacts created correctly
[2023-08-16 21:36:12,839] @ [INFO] : common : Directory artifacts/data_ingestion created correctly
[2023-08-16 21:36:12,839] @ [INFO] : common : Directory artifacts/data_validation created correctly
[2023-08-16 21:36:12,843] @ [ERROR] : <ipython-input-48-e217e719eb46> : [WinError 3] The system cannot find the path specified: 'artifacts\\data_validation\\samsum_dataset'
[2023-08-16 22:03:32,612] @ [INFO] : common : Path to YAML config\config.yaml loaded correctly
[2023-08-16 22:03:32,616] @ [INFO] : common : Path to YAML params.yaml loaded correctly
[2023-08-16 22:03:32,621] @ [INFO] : common : Directory artifacts created correctly
[2023-08-16 22:03:32,627] @ [INFO] : common : Directory artifacts/data_ingestion created correctly
[2023-08-16 22:03:32,628] @ [INFO] : common : Directory artifacts/data_validation created correctly
[2023-08-16 22:03:32,628] @ [ERROR] : <ipython-input-51-e217e719eb46> : [WinError 3] The system cannot find the path specified: 'artifacts\\data_validation\\samsum_dataset'
[2023-08-16 22:05:14,833] @ [INFO] : common : Path to YAML config\config.yaml loaded correctly
[2023-08-16 22:05:14,837] @ [INFO] : common : Path to YAML params.yaml loaded correctly
[2023-08-16 22:05:14,837] @ [INFO] : common : Directory artifacts created correctly
[2023-08-16 22:05:14,841] @ [INFO] : common : Directory artifacts/data_ingestion created correctly
[2023-08-16 22:05:14,841] @ [INFO] : common : Directory artifacts/data_validation created correctly
[2023-08-16 22:05:14,845] @ [ERROR] : <ipython-input-55-ed799a196435> : 'DataValidationConfig' object has no attribute 'data_dir'
[2023-08-16 22:07:14,092] @ [INFO] : common : Path to YAML config\config.yaml loaded correctly
[2023-08-16 22:07:14,096] @ [INFO] : common : Path to YAML params.yaml loaded correctly
[2023-08-16 22:07:14,100] @ [INFO] : common : Directory artifacts created correctly
[2023-08-16 22:07:14,104] @ [INFO] : common : Directory artifacts/data_ingestion created correctly
[2023-08-16 22:07:14,104] @ [INFO] : common : Directory artifacts/data_validation created correctly
[2023-08-16 22:07:36,835] @ [INFO] : common : Path to YAML config\config.yaml loaded correctly
[2023-08-16 22:07:36,839] @ [INFO] : common : Path to YAML params.yaml loaded correctly
[2023-08-16 22:07:36,839] @ [INFO] : common : Directory artifacts created correctly
[2023-08-16 22:07:36,843] @ [INFO] : common : Directory artifacts/data_ingestion created correctly
[2023-08-16 22:07:36,847] @ [INFO] : common : Directory artifacts/data_validation created correctly
[2023-08-16 22:08:03,605] @ [INFO] : common : Path to YAML config\config.yaml loaded correctly
[2023-08-16 22:08:03,609] @ [INFO] : common : Path to YAML params.yaml loaded correctly
[2023-08-16 22:08:03,609] @ [INFO] : common : Directory artifacts created correctly
[2023-08-16 22:08:03,613] @ [INFO] : common : Directory artifacts/data_ingestion created correctly
[2023-08-16 22:08:03,616] @ [INFO] : common : Directory artifacts/data_validation created correctly
[2023-08-16 22:09:31,721] @ [INFO] : common : Path to YAML config\config.yaml loaded correctly
[2023-08-16 22:09:31,727] @ [INFO] : common : Path to YAML params.yaml loaded correctly
[2023-08-16 22:09:31,728] @ [INFO] : common : Directory artifacts created correctly
[2023-08-16 22:09:31,731] @ [INFO] : common : Directory artifacts/data_ingestion created correctly
[2023-08-16 22:09:31,735] @ [INFO] : common : Directory artifacts/data_validation created correctly
[2023-08-16 22:09:31,742] @ [INFO] : <ipython-input-66-7b2d279c6dd0> : Data Validation status True
[2023-08-16 22:09:39,308] @ [INFO] : common : Path to YAML config\config.yaml loaded correctly
[2023-08-16 22:09:39,312] @ [INFO] : common : Path to YAML params.yaml loaded correctly
[2023-08-16 22:09:39,316] @ [INFO] : common : Directory artifacts created correctly
[2023-08-16 22:09:39,316] @ [INFO] : common : Directory artifacts/data_ingestion created correctly
[2023-08-16 22:09:39,321] @ [INFO] : common : Directory artifacts/data_validation created correctly
[2023-08-16 22:09:39,324] @ [INFO] : <ipython-input-68-a47d829e1e0e> : Data Validation status: True
[2023-08-17 02:25:22,512] @ [INFO] : utils : Note: NumExpr detected 12 cores but "NUMEXPR_MAX_THREADS" not set, so enforcing safe limit of 8.
[2023-08-17 02:25:22,513] @ [INFO] : utils : NumExpr defaulting to 8 threads.
[2023-08-17 02:44:52,445] @ [INFO] : common : Path to YAML config\config.yaml loaded correctly
[2023-08-17 02:44:52,448] @ [INFO] : common : Path to YAML params.yaml loaded correctly
[2023-08-17 02:44:52,450] @ [INFO] : common : Directory artifacts created correctly
[2023-08-17 02:44:52,452] @ [INFO] : common : Directory artifacts/data_ingestion created correctly
[2023-08-17 02:46:51,265] @ [INFO] : common : Path to YAML config\config.yaml loaded correctly
[2023-08-17 02:46:51,267] @ [INFO] : common : Path to YAML params.yaml loaded correctly
[2023-08-17 02:46:51,268] @ [INFO] : common : Directory artifacts created correctly
[2023-08-17 02:46:51,270] @ [INFO] : common : Directory artifacts/data_ingestion created correctly
[2023-08-17 02:46:51,272] @ [INFO] : common : Directory artifacts/data_transformation created correctly
[2023-08-17 02:46:54,558] @ [ERROR] : <ipython-input-110-82ab30e8a16b> : __call__() missing 1 required positional argument: 'text'
[2023-08-17 02:48:47,269] @ [INFO] : common : Path to YAML config\config.yaml loaded correctly
[2023-08-17 02:48:47,271] @ [INFO] : common : Path to YAML params.yaml loaded correctly
[2023-08-17 02:48:47,273] @ [INFO] : common : Directory artifacts created correctly
[2023-08-17 02:48:47,274] @ [INFO] : common : Directory artifacts/data_ingestion created correctly
[2023-08-17 02:48:47,275] @ [INFO] : common : Directory artifacts/data_transformation created correctly
[2023-08-17 02:48:50,419] @ [ERROR] : <ipython-input-115-ff7b6614e11a> : _batch_encode_plus() got an unexpected keyword argument 'target_text'
[2023-08-17 02:50:13,641] @ [INFO] : common : Path to YAML config\config.yaml loaded correctly
[2023-08-17 02:50:13,643] @ [INFO] : common : Path to YAML params.yaml loaded correctly
[2023-08-17 02:50:13,644] @ [INFO] : common : Directory artifacts created correctly
[2023-08-17 02:50:13,645] @ [INFO] : common : Directory artifacts/data_ingestion created correctly
[2023-08-17 02:50:13,646] @ [INFO] : common : Directory artifacts/data_transformation created correctly
[2023-08-17 02:50:16,588] @ [ERROR] : <ipython-input-117-bc2bed96f59b> : __call__() missing 1 required positional argument: 'text'
[2023-08-17 02:53:21,992] @ [INFO] : common : Path to YAML config\config.yaml loaded correctly
[2023-08-17 02:53:21,994] @ [INFO] : common : Path to YAML params.yaml loaded correctly
[2023-08-17 02:53:21,995] @ [INFO] : common : Directory artifacts created correctly
[2023-08-17 02:53:21,997] @ [INFO] : common : Directory artifacts/data_ingestion created correctly
[2023-08-17 02:53:21,998] @ [INFO] : common : Directory artifacts/data_transformation created correctly
[2023-08-17 02:53:31,388] @ [INFO] : <ipython-input-119-d9942e7eb007> : Details about loaded data: DatasetDict({
    train: Dataset({
        features: ['id', 'dialogue', 'summary', 'input_ids', 'attention_mask', 'labels'],
        num_rows: 14732
    })
    test: Dataset({
        features: ['id', 'dialogue', 'summary', 'input_ids', 'attention_mask', 'labels'],
        num_rows: 819
    })
    validation: Dataset({
        features: ['id', 'dialogue', 'summary', 'input_ids', 'attention_mask', 'labels'],
        num_rows: 818
    })
})
[2023-08-17 23:13:03,896] @ [INFO] : utils : Note: NumExpr detected 12 cores but "NUMEXPR_MAX_THREADS" not set, so enforcing safe limit of 8.
[2023-08-17 23:13:03,900] @ [INFO] : utils : NumExpr defaulting to 8 threads.
[2023-08-20 02:18:05,880] @ [INFO] : common : Path to YAML config\config.yaml loaded correctly
[2023-08-20 02:18:05,887] @ [INFO] : common : Path to YAML params.yaml loaded correctly
[2023-08-20 02:18:05,890] @ [INFO] : common : Directory artifacts created correctly
[2023-08-20 02:18:05,891] @ [INFO] : common : Directory artifacts/data_ingestion created correctly
[2023-08-20 02:18:56,338] @ [INFO] : common : Path to YAML config\config.yaml loaded correctly
[2023-08-20 02:18:56,341] @ [INFO] : common : Path to YAML params.yaml loaded correctly
[2023-08-20 02:18:56,342] @ [INFO] : common : Directory artifacts created correctly
[2023-08-20 02:18:56,344] @ [INFO] : common : Directory artifacts/data_ingestion created correctly
[2023-08-20 02:22:38,998] @ [INFO] : common : Path to YAML config\config.yaml loaded correctly
[2023-08-20 02:22:39,002] @ [INFO] : common : Path to YAML params.yaml loaded correctly
[2023-08-20 02:22:39,004] @ [INFO] : common : Directory artifacts created correctly
[2023-08-20 02:22:39,005] @ [INFO] : common : Directory artifacts/data_ingestion created correctly
[2023-08-20 02:24:41,020] @ [INFO] : common : Path to YAML config\config.yaml loaded correctly
[2023-08-20 02:24:41,024] @ [INFO] : common : Path to YAML params.yaml loaded correctly
[2023-08-20 02:24:41,025] @ [INFO] : common : Directory artifacts created correctly
[2023-08-20 02:24:41,027] @ [INFO] : common : Directory artifacts/data_ingestion created correctly
[2023-08-20 02:25:00,238] @ [INFO] : common : Path to YAML config\config.yaml loaded correctly
[2023-08-20 02:25:00,238] @ [INFO] : common : Path to YAML params.yaml loaded correctly
[2023-08-20 02:25:00,246] @ [INFO] : common : Directory artifacts created correctly
[2023-08-20 02:25:00,247] @ [INFO] : common : Directory artifacts/data_ingestion created correctly
[2023-08-20 02:27:24,034] @ [INFO] : common : Path to YAML config\config.yaml loaded correctly
[2023-08-20 02:27:24,037] @ [INFO] : common : Path to YAML params.yaml loaded correctly
[2023-08-20 02:27:24,038] @ [INFO] : common : Directory artifacts created correctly
[2023-08-20 02:27:24,039] @ [INFO] : common : Directory artifacts/data_ingestion created correctly
[2023-08-20 02:27:58,749] @ [INFO] : common : Path to YAML config\config.yaml loaded correctly
[2023-08-20 02:27:58,752] @ [INFO] : common : Path to YAML params.yaml loaded correctly
[2023-08-20 02:27:58,753] @ [INFO] : common : Directory artifacts created correctly
[2023-08-20 02:27:58,755] @ [INFO] : common : Directory artifacts/data_ingestion created correctly
[2023-08-20 02:29:06,269] @ [INFO] : common : Path to YAML config\config.yaml loaded correctly
[2023-08-20 02:29:06,271] @ [INFO] : common : Path to YAML params.yaml loaded correctly
[2023-08-20 02:29:06,273] @ [INFO] : common : Directory artifacts created correctly
[2023-08-20 02:29:06,275] @ [INFO] : common : Directory artifacts/data_ingestion created correctly
[2023-08-20 02:30:36,691] @ [INFO] : common : Path to YAML config\config.yaml loaded correctly
[2023-08-20 02:30:36,694] @ [INFO] : common : Path to YAML params.yaml loaded correctly
[2023-08-20 02:30:36,696] @ [INFO] : common : Directory artifacts created correctly
[2023-08-20 02:30:36,698] @ [INFO] : common : Directory artifacts/data_ingestion created correctly
[2023-08-20 02:31:14,983] @ [ERROR] : ultratb : Internal Python error in the inspect module.
Below is the traceback from this internal error.

[2023-08-20 02:31:58,624] @ [INFO] : common : Path to YAML config\config.yaml loaded correctly
[2023-08-20 02:31:58,632] @ [INFO] : common : Path to YAML params.yaml loaded correctly
[2023-08-20 02:31:58,635] @ [INFO] : common : Directory artifacts created correctly
[2023-08-20 02:31:58,637] @ [INFO] : common : Directory artifacts/data_ingestion created correctly
[2023-08-20 02:32:42,702] @ [INFO] : common : Path to YAML config\config.yaml loaded correctly
[2023-08-20 02:32:42,712] @ [INFO] : common : Path to YAML params.yaml loaded correctly
[2023-08-20 02:32:42,715] @ [INFO] : common : Directory artifacts created correctly
[2023-08-20 02:32:42,716] @ [INFO] : common : Directory artifacts/data_ingestion created correctly
[2023-08-20 02:34:54,105] @ [INFO] : rouge_scorer : Using default tokenizer.
[2023-08-20 02:36:19,788] @ [INFO] : common : Path to YAML config\config.yaml loaded correctly
[2023-08-20 02:36:19,791] @ [INFO] : common : Path to YAML params.yaml loaded correctly
[2023-08-20 02:36:19,793] @ [INFO] : common : Directory artifacts created correctly
[2023-08-20 02:36:19,795] @ [INFO] : common : Directory artifacts/data_ingestion created correctly
[2023-08-20 02:36:57,123] @ [INFO] : common : Path to YAML config\config.yaml loaded correctly
[2023-08-20 02:36:57,127] @ [INFO] : common : Path to YAML params.yaml loaded correctly
[2023-08-20 02:36:57,128] @ [INFO] : common : Directory artifacts created correctly
[2023-08-20 02:36:57,129] @ [INFO] : common : Directory artifacts/data_ingestion created correctly
[2023-08-20 02:38:36,425] @ [INFO] : common : Path to YAML config\config.yaml loaded correctly
[2023-08-20 02:38:36,428] @ [INFO] : common : Path to YAML params.yaml loaded correctly
[2023-08-20 02:38:36,430] @ [INFO] : common : Directory artifacts created correctly
[2023-08-20 02:38:36,432] @ [INFO] : common : Directory artifacts/data_ingestion created correctly
[2023-08-20 02:39:48,104] @ [INFO] : common : Path to YAML config\config.yaml loaded correctly
[2023-08-20 02:39:48,107] @ [INFO] : common : Path to YAML params.yaml loaded correctly
[2023-08-20 02:39:48,109] @ [INFO] : common : Directory artifacts created correctly
[2023-08-20 02:39:48,110] @ [INFO] : common : Directory artifacts/data_ingestion created correctly
[2023-08-20 02:41:09,805] @ [INFO] : common : Path to YAML config\config.yaml loaded correctly
[2023-08-20 02:41:09,809] @ [INFO] : common : Path to YAML params.yaml loaded correctly
[2023-08-20 02:41:09,811] @ [INFO] : common : Directory artifacts created correctly
[2023-08-20 02:41:09,812] @ [INFO] : common : Directory artifacts/data_ingestion created correctly
[2023-08-20 02:42:29,479] @ [INFO] : common : Path to YAML config\config.yaml loaded correctly
[2023-08-20 02:42:29,482] @ [INFO] : common : Path to YAML params.yaml loaded correctly
[2023-08-20 02:42:29,483] @ [INFO] : common : Directory artifacts created correctly
[2023-08-20 02:42:29,485] @ [INFO] : common : Directory artifacts/data_ingestion created correctly
[2023-08-20 02:45:37,910] @ [INFO] : common : Path to YAML config\config.yaml loaded correctly
[2023-08-20 02:45:37,913] @ [INFO] : common : Path to YAML params.yaml loaded correctly
[2023-08-20 02:45:37,914] @ [INFO] : common : Directory artifacts created correctly
[2023-08-20 02:45:37,915] @ [INFO] : common : Directory artifacts/data_ingestion created correctly
[2023-08-20 02:45:54,878] @ [INFO] : rouge_scorer : Using default tokenizer.
